-------------------------------------------------------------------------------
Test set: edu.me.data.TestData
-------------------------------------------------------------------------------
Tests run: 1, Failures: 1, Errors: 0, Skipped: 0, Time elapsed: 0.369 s <<< FAILURE! -- in edu.me.data.TestData
edu.me.data.TestData.MessageCreationTest -- Time elapsed: 0.347 s <<< FAILURE!
org.opentest4j.AssertionFailedError: haha
	at org.junit.jupiter.api.AssertionUtils.fail(AssertionUtils.java:38)
	at org.junit.jupiter.api.Assertions.fail(Assertions.java:134)
	at edu.me.data.TestData.MessageCreationTest(TestData.java:15)
	at java.base/java.lang.reflect.Method.invoke(Method.java:568)
	at java.base/java.util.ArrayList.forEach(ArrayList.java:1511)
	at java.base/java.util.ArrayList.forEach(ArrayList.java:1511)

