<?xml version="1.0" encoding="UTF-8"?>
<testsuite xmlns:xsi="http://www.w3.org/2001/XMLSchema-instance" xsi:noNamespaceSchemaLocation="https://maven.apache.org/surefire/maven-surefire-plugin/xsd/surefire-test-report-3.0.xsd" version="3.0" name="edu.me.data.TestData" time="0.369" tests="1" errors="0" skipped="0" failures="1">
  <properties>
[...]
</properties>
  <testcase name="MessageCreationTest" classname="edu.me.data.TestData" time="0.347">
    <failure message="haha" type="org.opentest4j.AssertionFailedError"><![CDATA[org.opentest4j.AssertionFailedError: haha
	at org.junit.jupiter.api.AssertionUtils.fail(AssertionUtils.java:38)
	at org.junit.jupiter.api.Assertions.fail(Assertions.java:134)
	at edu.me.data.TestData.MessageCreationTest(TestData.java:15)
	at java.base/java.lang.reflect.Method.invoke(Method.java:568)
	at java.base/java.util.ArrayList.forEach(ArrayList.java:1511)
	at java.base/java.util.ArrayList.forEach(ArrayList.java:1511)
]]></failure>
    <system-out><![CDATA[Testtext
2023-09-16T08:50:57.996214979
gg-WS/127.0.1.1
]]></system-out>
  </testcase>
</testsuite>